Determining if the function wsyncup exists in the /usr/lib/x86_64-linux-gnu/libcurses.so passed with the following output:
Change Dir: /root/pakages/copy/cryptdb/cmake-3.24.2/Source/Checks/Curses-build/CMakeFiles/CMakeTmp

Run Build Command(s):/usr/bin/make -f Makefile cmTC_1fa0f/fast && make  -f CMakeFiles/cmTC_1fa0f.dir/build.make CMakeFiles/cmTC_1fa0f.dir/build
make[1]: Entering directory `/root/pakages/copy/cryptdb/cmake-3.24.2/Source/Checks/Curses-build/CMakeFiles/CMakeTmp'
Building C object CMakeFiles/cmTC_1fa0f.dir/CheckFunctionExists.c.o
/usr/bin/gcc   -DCHECK_FUNCTION_EXISTS=wsyncup -o CMakeFiles/cmTC_1fa0f.dir/CheckFunctionExists.c.o -c /root/pakages/copy/cryptdb/cmake-3.24.2/Modules/CheckFunctionExists.c
Linking C executable cmTC_1fa0f
/root/pakages/copy/cryptdb/cmake-3.24.2/Bootstrap.cmk/cmake -E cmake_link_script CMakeFiles/cmTC_1fa0f.dir/link.txt --verbose=1
/usr/bin/gcc  -DCHECK_FUNCTION_EXISTS=wsyncup -rdynamic CMakeFiles/cmTC_1fa0f.dir/CheckFunctionExists.c.o -o cmTC_1fa0f  -lcurses 
make[1]: Leaving directory `/root/pakages/copy/cryptdb/cmake-3.24.2/Source/Checks/Curses-build/CMakeFiles/CMakeTmp'



Determining if the function cbreak exists in the /usr/lib/x86_64-linux-gnu/libncurses.so passed with the following output:
Change Dir: /root/pakages/copy/cryptdb/cmake-3.24.2/Source/Checks/Curses-build/CMakeFiles/CMakeTmp

Run Build Command(s):/usr/bin/make -f Makefile cmTC_00537/fast && make  -f CMakeFiles/cmTC_00537.dir/build.make CMakeFiles/cmTC_00537.dir/build
make[1]: Entering directory `/root/pakages/copy/cryptdb/cmake-3.24.2/Source/Checks/Curses-build/CMakeFiles/CMakeTmp'
Building C object CMakeFiles/cmTC_00537.dir/CheckFunctionExists.c.o
/usr/bin/gcc   -DCHECK_FUNCTION_EXISTS=cbreak -o CMakeFiles/cmTC_00537.dir/CheckFunctionExists.c.o -c /root/pakages/copy/cryptdb/cmake-3.24.2/Modules/CheckFunctionExists.c
Linking C executable cmTC_00537
/root/pakages/copy/cryptdb/cmake-3.24.2/Bootstrap.cmk/cmake -E cmake_link_script CMakeFiles/cmTC_00537.dir/link.txt --verbose=1
/usr/bin/gcc  -DCHECK_FUNCTION_EXISTS=cbreak -rdynamic CMakeFiles/cmTC_00537.dir/CheckFunctionExists.c.o -o cmTC_00537  -lncurses 
make[1]: Leaving directory `/root/pakages/copy/cryptdb/cmake-3.24.2/Source/Checks/Curses-build/CMakeFiles/CMakeTmp'



Determining if the function nodelay exists in the /usr/lib/x86_64-linux-gnu/libncurses.so passed with the following output:
Change Dir: /root/pakages/copy/cryptdb/cmake-3.24.2/Source/Checks/Curses-build/CMakeFiles/CMakeTmp

Run Build Command(s):/usr/bin/make -f Makefile cmTC_394c1/fast && make  -f CMakeFiles/cmTC_394c1.dir/build.make CMakeFiles/cmTC_394c1.dir/build
make[1]: Entering directory `/root/pakages/copy/cryptdb/cmake-3.24.2/Source/Checks/Curses-build/CMakeFiles/CMakeTmp'
Building C object CMakeFiles/cmTC_394c1.dir/CheckFunctionExists.c.o
/usr/bin/gcc   -DCHECK_FUNCTION_EXISTS=nodelay -o CMakeFiles/cmTC_394c1.dir/CheckFunctionExists.c.o -c /root/pakages/copy/cryptdb/cmake-3.24.2/Modules/CheckFunctionExists.c
Linking C executable cmTC_394c1
/root/pakages/copy/cryptdb/cmake-3.24.2/Bootstrap.cmk/cmake -E cmake_link_script CMakeFiles/cmTC_394c1.dir/link.txt --verbose=1
/usr/bin/gcc  -DCHECK_FUNCTION_EXISTS=nodelay -rdynamic CMakeFiles/cmTC_394c1.dir/CheckFunctionExists.c.o -o cmTC_394c1  -lncurses 
make[1]: Leaving directory `/root/pakages/copy/cryptdb/cmake-3.24.2/Source/Checks/Curses-build/CMakeFiles/CMakeTmp'



