Determining if the function wsyncup exists in the /usr/lib/x86_64-linux-gnu/libcurses.so passed with the following output:
Change Dir: /root/pakages/copy/cryptdb/cmake-3.24.2/Source/Checks/Curses-build/CMakeFiles/CMakeTmp

Run Build Command(s):/usr/bin/make -f Makefile cmTC_cb4f5/fast && make  -f CMakeFiles/cmTC_cb4f5.dir/build.make CMakeFiles/cmTC_cb4f5.dir/build
make[1]: Entering directory '/root/pakages/copy/cryptdb/cmake-3.24.2/Source/Checks/Curses-build/CMakeFiles/CMakeTmp'
Building C object CMakeFiles/cmTC_cb4f5.dir/CheckFunctionExists.c.o
/usr/bin/gcc   -DCHECK_FUNCTION_EXISTS=wsyncup -o CMakeFiles/cmTC_cb4f5.dir/CheckFunctionExists.c.o -c /root/pakages/copy/cryptdb/cmake-3.24.2/Modules/CheckFunctionExists.c
Linking C executable cmTC_cb4f5
/root/pakages/copy/cryptdb/cmake-3.24.2/Bootstrap.cmk/cmake -E cmake_link_script CMakeFiles/cmTC_cb4f5.dir/link.txt --verbose=1
/usr/bin/gcc  -DCHECK_FUNCTION_EXISTS=wsyncup -rdynamic CMakeFiles/cmTC_cb4f5.dir/CheckFunctionExists.c.o -o cmTC_cb4f5  -lcurses 
make[1]: Leaving directory '/root/pakages/copy/cryptdb/cmake-3.24.2/Source/Checks/Curses-build/CMakeFiles/CMakeTmp'



Determining if the function cbreak exists in the /usr/lib/x86_64-linux-gnu/libncurses.so passed with the following output:
Change Dir: /root/pakages/copy/cryptdb/cmake-3.24.2/Source/Checks/Curses-build/CMakeFiles/CMakeTmp

Run Build Command(s):/usr/bin/make -f Makefile cmTC_7d4f6/fast && make  -f CMakeFiles/cmTC_7d4f6.dir/build.make CMakeFiles/cmTC_7d4f6.dir/build
make[1]: Entering directory '/root/pakages/copy/cryptdb/cmake-3.24.2/Source/Checks/Curses-build/CMakeFiles/CMakeTmp'
Building C object CMakeFiles/cmTC_7d4f6.dir/CheckFunctionExists.c.o
/usr/bin/gcc   -DCHECK_FUNCTION_EXISTS=cbreak -o CMakeFiles/cmTC_7d4f6.dir/CheckFunctionExists.c.o -c /root/pakages/copy/cryptdb/cmake-3.24.2/Modules/CheckFunctionExists.c
Linking C executable cmTC_7d4f6
/root/pakages/copy/cryptdb/cmake-3.24.2/Bootstrap.cmk/cmake -E cmake_link_script CMakeFiles/cmTC_7d4f6.dir/link.txt --verbose=1
/usr/bin/gcc  -DCHECK_FUNCTION_EXISTS=cbreak -rdynamic CMakeFiles/cmTC_7d4f6.dir/CheckFunctionExists.c.o -o cmTC_7d4f6  -lncurses 
make[1]: Leaving directory '/root/pakages/copy/cryptdb/cmake-3.24.2/Source/Checks/Curses-build/CMakeFiles/CMakeTmp'



Determining if the function nodelay exists in the /usr/lib/x86_64-linux-gnu/libncurses.so passed with the following output:
Change Dir: /root/pakages/copy/cryptdb/cmake-3.24.2/Source/Checks/Curses-build/CMakeFiles/CMakeTmp

Run Build Command(s):/usr/bin/make -f Makefile cmTC_34290/fast && make  -f CMakeFiles/cmTC_34290.dir/build.make CMakeFiles/cmTC_34290.dir/build
make[1]: Entering directory '/root/pakages/copy/cryptdb/cmake-3.24.2/Source/Checks/Curses-build/CMakeFiles/CMakeTmp'
Building C object CMakeFiles/cmTC_34290.dir/CheckFunctionExists.c.o
/usr/bin/gcc   -DCHECK_FUNCTION_EXISTS=nodelay -o CMakeFiles/cmTC_34290.dir/CheckFunctionExists.c.o -c /root/pakages/copy/cryptdb/cmake-3.24.2/Modules/CheckFunctionExists.c
Linking C executable cmTC_34290
/root/pakages/copy/cryptdb/cmake-3.24.2/Bootstrap.cmk/cmake -E cmake_link_script CMakeFiles/cmTC_34290.dir/link.txt --verbose=1
/usr/bin/gcc  -DCHECK_FUNCTION_EXISTS=nodelay -rdynamic CMakeFiles/cmTC_34290.dir/CheckFunctionExists.c.o -o cmTC_34290  -lncurses 
make[1]: Leaving directory '/root/pakages/copy/cryptdb/cmake-3.24.2/Source/Checks/Curses-build/CMakeFiles/CMakeTmp'



